<?xml version="1.0" encoding="UTF-8"?>
<!-- Generated by org.testng.reporters.JUnitReportReporter -->
<testsuite hostname="DESKTOP-1KGQRIB" failures="0" tests="1" name="testclass.TestclassDemo" time="6.480" errors="0" timestamp="2022-11-11T12:33:41 IST" skipped="0">
  <testcase classname="testclass.TestclassDemo" name="f" time="6.480"/>
  <system-out/>
</testsuite> <!-- testclass.TestclassDemo -->
